[debug] > Exec(early(addDefaultCommands), None, None)
[debug] > Exec(addDefaultCommands, None, None)
[debug] > Exec(early(initialize), None, None)
[debug] > Exec(initialize, None, None)
[debug] > Exec(early(addPluginSbtFile="""C:\Users\Msys\AppData\Local\Temp\idea.sbt"""), None, None)
[debug] > Exec(addPluginSbtFile="""C:\Users\Msys\AppData\Local\Temp\idea.sbt""", None, None)
[debug] > Exec(boot, None, None)
[debug] > Exec(writeSbtVersion, None, None)
[debug] > Exec(reload, None, None)
[debug] > Exec(sbtStashOnFailure, None, None)
[debug] > Exec(onFailure loadFailed, None, None)
[debug] > Exec(loadp, None, None)
[info] welcome to sbt 1.10.2 (Oracle Corporation Java 1.8.0_202)
[debug] Load.defaultLoad until apply took 131.7513ms
[debug]           Load.loadUnit: plugins took 95.2546ms
[debug]           Load.loadUnit: defsScala took 0.2866ms
[debug] [Loading] Scanning directory C:\Users\Msys\IdeaProjects\BD_assigment_1\project
[debug]             Load.loadUnit: mkEval took 12.6483ms
[debug] [Loading] Found non-root projects 
[debug] [Loading] Done in C:\Users\Msys\IdeaProjects\BD_assigment_1\project, returning: ()
[debug] deducing auto plugins based on known facts Set(Atom(sbt.plugins.CorePlugin)) and clauses Clauses(Clause(Atom(sbt.plugins.JvmPlugin),Set(Atom(sbt.plugins.IvyPlugin)))
[debug] Clause(Atom(sbt.ScriptedPlugin),Set(Atom(sbt.plugins.JvmPlugin)))
[debug] Clause(Atom(sbt.plugins.SbtPlugin),Set(Atom(sbt.ScriptedPlugin)))
[debug] Clause(Atom(sbt.plugins.SemanticdbPlugin),Set(Atom(sbt.plugins.JvmPlugin)))
[debug] Clause(Atom(sbt.plugins.JUnitXmlReportPlugin),Set(Atom(sbt.plugins.JvmPlugin)))
[debug] Clause(Atom(sbt.plugins.MiniDependencyTreePlugin),Set(Atom(sbt.plugins.JvmPlugin)))
[debug] Clause(Atom(sbt.plugins.CorePlugin),Set(Atom(sbt.plugins.IvyPlugin)))
[debug] Clause(Atom(sbt.plugins.IvyPlugin),Set(Atom(sbt.plugins.JvmPlugin)))
[debug] Clause(Atom(sbt.plugins.JvmPlugin),Set(Atom(sbt.plugins.SemanticdbPlugin)))
[debug] Clause(Atom(sbt.plugins.JvmPlugin),Set(Atom(sbt.plugins.JUnitXmlReportPlugin)))
[debug] Clause(Atom(sbt.plugins.CorePlugin),Set(Atom(sbt.plugins.Giter8TemplatePlugin)))
[debug] Clause(Atom(sbt.plugins.JvmPlugin),Set(Atom(sbt.plugins.MiniDependencyTreePlugin))))
[debug]   :: deduced result: Matched(sbt.plugins.CorePlugin,sbt.plugins.Giter8TemplatePlugin,sbt.plugins.IvyPlugin,sbt.plugins.JvmPlugin,sbt.plugins.MiniDependencyTreePlugin,sbt.plugins.JUnitXmlReportPlugin,sbt.plugins.SemanticdbPlugin)
[debug] Plugins.deducer#function took 12.2666 ms
[info] loading settings for project bd_assigment_1-build from idea.sbt ...
[debug]               Load.resolveProject(bd_assigment_1-build) took 47.5482ms
[debug]             Load.loadTransitive: finalizeProject(Project(id bd_assigment_1-build, base: C:\Users\Msys\IdeaProjects\BD_assigment_1\project, plugins: List(<none>))) took 66.3518ms
[debug] [Loading] Done in C:\Users\Msys\IdeaProjects\BD_assigment_1\project, returning: (bd_assigment_1-build)
[debug]           Load.loadUnit: loadedProjectsRaw took 2551.3871ms
[debug]           Load.loadUnit: cleanEvalClasses took 5.5852ms
[debug]         Load.loadUnit(file:/C:/Users/Msys/IdeaProjects/BD_assigment_1/project/, ...) took 2657.4902ms
[debug]       Load.apply: load took 2777.149ms
[debug]       Load.apply: resolveProjects took 3.9434ms
[debug]       Load.apply: finalTransforms took 48.8074ms
[debug]       Load.apply: config.delegates took 5.2463ms
[debug]       Load.apply: Def.make(settings)... took 429.8824ms
[debug]       Load.apply: structureIndex took 102.083ms
[debug]       Load.apply: mkStreams took 1.9886ms
[info] loading project definition from C:\Users\Msys\IdeaProjects\BD_assigment_1\project
[debug] Running task... Cancel: Signal, check cycles: false, forcegc: true
[debug]     Load.loadUnit: plugins took 5165.5162ms
[debug]     Load.loadUnit: defsScala took 0.0026ms
[debug] [Loading] Scanning directory C:\Users\Msys\IdeaProjects\BD_assigment_1
[debug]       Load.loadUnit: mkEval took 0.2259ms
[debug] [Loading] Found root project root w/ remaining 
[debug] deducing auto plugins based on known facts Set(Atom(sbt.plugins.CorePlugin)) and clauses Clauses(Clause(Atom(sbt.plugins.JvmPlugin),Set(Atom(sbt.plugins.IvyPlugin)))
[debug] Clause(Atom(sbt.ScriptedPlugin),Set(Atom(sbt.plugins.JvmPlugin)))
[debug] Clause(Atom(sbt.plugins.SbtPlugin),Set(Atom(sbt.ScriptedPlugin)))
[debug] Clause(Atom(sbt.plugins.SemanticdbPlugin),Set(Atom(sbt.plugins.JvmPlugin)))
[debug] Clause(Atom(sbt.plugins.JUnitXmlReportPlugin),Set(Atom(sbt.plugins.JvmPlugin)))
[debug] Clause(Atom(sbt.plugins.MiniDependencyTreePlugin),Set(Atom(sbt.plugins.JvmPlugin)))
[debug] Clause(Atom(org.jetbrains.sbt.StructurePlugin),Set(Atom(sbt.plugins.JvmPlugin)))
[debug] Clause(Atom(org.jetbrains.sbt.IdeaShellPlugin),Set(Atom(sbt.plugins.JvmPlugin)))
[debug] Clause(Atom(sbt.plugins.CorePlugin),Set(Atom(sbt.plugins.IvyPlugin)))
[debug] Clause(Atom(sbt.plugins.IvyPlugin),Set(Atom(sbt.plugins.JvmPlugin)))
[debug] Clause(Atom(sbt.plugins.JvmPlugin),Set(Atom(sbt.plugins.SemanticdbPlugin)))
[debug] Clause(Atom(sbt.plugins.JvmPlugin),Set(Atom(sbt.plugins.JUnitXmlReportPlugin)))
[debug] Clause(Atom(sbt.plugins.CorePlugin),Set(Atom(sbt.plugins.Giter8TemplatePlugin)))
[debug] Clause(Atom(sbt.plugins.JvmPlugin),Set(Atom(sbt.plugins.MiniDependencyTreePlugin)))
[debug] Clause(Atom(sbt.plugins.JvmPlugin),Set(Atom(org.jetbrains.sbt.StructurePlugin)))
[debug] Clause(Atom(sbt.plugins.JvmPlugin),Set(Atom(org.jetbrains.sbt.IdeaShellPlugin))))
[debug]   :: deduced result: Matched(sbt.plugins.CorePlugin,sbt.plugins.Giter8TemplatePlugin,sbt.plugins.IvyPlugin,sbt.plugins.JvmPlugin,sbt.plugins.SemanticdbPlugin,sbt.plugins.JUnitXmlReportPlugin,org.jetbrains.sbt.IdeaShellPlugin,org.jetbrains.sbt.StructurePlugin,sbt.plugins.MiniDependencyTreePlugin)
[debug] Plugins.deducer#function took 3.2422 ms
[info] loading settings for project root from build.sbt ...
[debug]         Load.resolveProject(root) took 34.0577ms
[debug]       Load.loadTransitive: finalizeProject(Project(id root, base: C:\Users\Msys\IdeaProjects\BD_assigment_1, plugins: List(<none>))) took 38.7166ms
[debug] [Loading] Done in C:\Users\Msys\IdeaProjects\BD_assigment_1, returning: (root)
[debug]     Load.loadUnit: loadedProjectsRaw took 1377.9857ms
[debug]     Load.loadUnit: cleanEvalClasses took 5.3102ms
[debug]   Load.loadUnit(file:/C:/Users/Msys/IdeaProjects/BD_assigment_1/, ...) took 6549.9531ms
[debug] Load.apply: load took 6566.291ms
[debug] Load.apply: resolveProjects took 0.1327ms
[debug] Load.apply: finalTransforms took 58.2982ms
[debug] Load.apply: config.delegates took 0.3451ms
[debug] Load.apply: Def.make(settings)... took 101.4381ms
[debug] Load.apply: structureIndex took 31.9227ms
[debug] Load.apply: mkStreams took 0.003ms
[info] set current project to BD_assigment_1 (in build file:/C:/Users/Msys/IdeaProjects/BD_assigment_1/)
[debug] > Exec(sbtPopOnFailure, None, None)
[debug] > Exec(resumeFromFailure, None, None)
[debug] > Exec(notifyUsersAboutShell, None, None)
[debug] > Exec(iflast shell, None, None)
[debug] > Exec(idea-shell, None, None)
